{
    "date": "Mon Nov 21 2022 09:35:13 GMT+0700 (Indochina Time)",
    "process": {
        "pid": 7180,
        "uid": null,
        "gid": null,
        "cwd": "F:\\RJS\\old\\VidlyApp-MERN-Stack\\vidly-api-node",
        "execPath": "C:\\Program Files\\nodejs\\node.exe",
        "version": "v14.15.1",
        "argv": [
            "C:\\Program Files\\nodejs\\node.exe",
            "F:\\RJS\\old\\VidlyApp-MERN-Stack\\vidly-api-node\\index.js"
        ],
        "memoryUsage": {
            "rss": 48955392,
            "heapTotal": 30101504,
            "heapUsed": 14103920,
            "external": 19516371,
            "arrayBuffers": 18055441
        }
    },
    "os": {
        "loadavg": [
            0,
            0,
            0
        ],
        "uptime": 1025650
    },
    "trace": [
        {
            "column": 15,
            "file": "internal/modules/cjs/loader.js",
            "function": "Module._resolveFilename",
            "line": 880,
            "method": "_resolveFilename",
            "native": false
        },
        {
            "column": 27,
            "file": "internal/modules/cjs/loader.js",
            "function": "Module._load",
            "line": 725,
            "method": "_load",
            "native": false
        },
        {
            "column": 19,
            "file": "internal/modules/cjs/loader.js",
            "function": "Module.require",
            "line": 952,
            "method": "require",
            "native": false
        },
        {
            "column": 18,
            "file": "internal/modules/cjs/helpers.js",
            "function": "require",
            "line": 88,
            "method": null,
            "native": false
        },
        {
            "column": 16,
            "file": "F:\\RJS\\old\\VidlyApp-MERN-Stack\\vidly-api-node\\routes\\users.js",
            "function": null,
            "line": 2,
            "method": null,
            "native": false
        },
        {
            "column": 30,
            "file": "internal/modules/cjs/loader.js",
            "function": "Module._compile",
            "line": 1063,
            "method": "_compile",
            "native": false
        },
        {
            "column": 10,
            "file": "internal/modules/cjs/loader.js",
            "function": "Module._extensions..js",
            "line": 1092,
            "method": ".js",
            "native": false
        },
        {
            "column": 32,
            "file": "internal/modules/cjs/loader.js",
            "function": "Module.load",
            "line": 928,
            "method": "load",
            "native": false
        },
        {
            "column": 14,
            "file": "internal/modules/cjs/loader.js",
            "function": "Module._load",
            "line": 769,
            "method": "_load",
            "native": false
        },
        {
            "column": 19,
            "file": "internal/modules/cjs/loader.js",
            "function": "Module.require",
            "line": 952,
            "method": "require",
            "native": false
        },
        {
            "column": 18,
            "file": "internal/modules/cjs/helpers.js",
            "function": "require",
            "line": 88,
            "method": null,
            "native": false
        },
        {
            "column": 15,
            "file": "F:\\RJS\\old\\VidlyApp-MERN-Stack\\vidly-api-node\\startup\\routes.js",
            "function": null,
            "line": 6,
            "method": null,
            "native": false
        },
        {
            "column": 30,
            "file": "internal/modules/cjs/loader.js",
            "function": "Module._compile",
            "line": 1063,
            "method": "_compile",
            "native": false
        },
        {
            "column": 10,
            "file": "internal/modules/cjs/loader.js",
            "function": "Module._extensions..js",
            "line": 1092,
            "method": ".js",
            "native": false
        },
        {
            "column": 32,
            "file": "internal/modules/cjs/loader.js",
            "function": "Module.load",
            "line": 928,
            "method": "load",
            "native": false
        },
        {
            "column": 14,
            "file": "internal/modules/cjs/loader.js",
            "function": "Module._load",
            "line": 769,
            "method": "_load",
            "native": false
        }
    ],
    "stack": [
        "Error: Cannot find module 'bcrypt'",
        "Require stack:",
        "- F:\\RJS\\old\\VidlyApp-MERN-Stack\\vidly-api-node\\routes\\users.js",
        "- F:\\RJS\\old\\VidlyApp-MERN-Stack\\vidly-api-node\\startup\\routes.js",
        "- F:\\RJS\\old\\VidlyApp-MERN-Stack\\vidly-api-node\\index.js",
        "    at Function.Module._resolveFilename (internal/modules/cjs/loader.js:880:15)",
        "    at Function.Module._load (internal/modules/cjs/loader.js:725:27)",
        "    at Module.require (internal/modules/cjs/loader.js:952:19)",
        "    at require (internal/modules/cjs/helpers.js:88:18)",
        "    at Object.<anonymous> (F:\\RJS\\old\\VidlyApp-MERN-Stack\\vidly-api-node\\routes\\users.js:2:16)",
        "    at Module._compile (internal/modules/cjs/loader.js:1063:30)",
        "    at Object.Module._extensions..js (internal/modules/cjs/loader.js:1092:10)",
        "    at Module.load (internal/modules/cjs/loader.js:928:32)",
        "    at Function.Module._load (internal/modules/cjs/loader.js:769:14)",
        "    at Module.require (internal/modules/cjs/loader.js:952:19)",
        "    at require (internal/modules/cjs/helpers.js:88:18)",
        "    at Object.<anonymous> (F:\\RJS\\old\\VidlyApp-MERN-Stack\\vidly-api-node\\startup\\routes.js:6:15)",
        "    at Module._compile (internal/modules/cjs/loader.js:1063:30)",
        "    at Object.Module._extensions..js (internal/modules/cjs/loader.js:1092:10)",
        "    at Module.load (internal/modules/cjs/loader.js:928:32)",
        "    at Function.Module._load (internal/modules/cjs/loader.js:769:14)"
    ],
    "level": "error",
    "message": "uncaughtException: Cannot find module 'bcrypt'\nRequire stack:\n- F:\\RJS\\old\\VidlyApp-MERN-Stack\\vidly-api-node\\routes\\users.js\n- F:\\RJS\\old\\VidlyApp-MERN-Stack\\vidly-api-node\\startup\\routes.js\n- F:\\RJS\\old\\VidlyApp-MERN-Stack\\vidly-api-node\\index.js",
    "timestamp": "2022-11-21T02:35:13.649Z"
}{"date":"Mon Nov 21 2022 12:34:46 GMT+0700 (Indochina Time)","process":{"pid":23804,"uid":null,"gid":null,"cwd":"f:\\RJS\\old\\VidlyApp-MERN-Stack\\vidly-api-node","execPath":"C:\\Program Files\\nodejs\\node.exe","version":"v14.15.1","argv":["C:\\Program Files\\nodejs\\node.exe","f:\\RJS\\old\\VidlyApp-MERN-Stack\\vidly-api-node\\index.js"],"memoryUsage":{"rss":71938048,"heapTotal":58085376,"heapUsed":32536528,"external":20665078,"arrayBuffers":19040804}},"os":{"loadavg":[0,0,0],"uptime":1036423},"trace":[{"column":16,"file":"net.js","function":"Server.setupListenHandle [as _listen2]","line":1318,"method":"setupListenHandle [as _listen2]","native":false},{"column":12,"file":"net.js","function":"listenInCluster","line":1366,"method":null,"native":false},{"column":7,"file":"net.js","function":"Server.listen","line":1452,"method":"listen","native":false},{"column":24,"file":"f:\\RJS\\old\\VidlyApp-MERN-Stack\\vidly-api-node\\node_modules\\express\\lib\\application.js","function":"Function.listen","line":635,"method":"listen","native":false},{"column":20,"file":"f:\\RJS\\old\\VidlyApp-MERN-Stack\\vidly-api-node\\index.js","function":null,"line":14,"method":null,"native":false},{"column":30,"file":"internal/modules/cjs/loader.js","function":"Module._compile","line":1063,"method":"_compile","native":false},{"column":10,"file":"internal/modules/cjs/loader.js","function":"Module._extensions..js","line":1092,"method":".js","native":false},{"column":32,"file":"internal/modules/cjs/loader.js","function":"Module.load","line":928,"method":"load","native":false},{"column":14,"file":"internal/modules/cjs/loader.js","function":"Module._load","line":769,"method":"_load","native":false},{"column":12,"file":"internal/modules/run_main.js","function":"Function.executeUserEntryPoint [as runMain]","line":72,"method":"executeUserEntryPoint [as runMain]","native":false},{"column":47,"file":"internal/main/run_main_module.js","function":null,"line":17,"method":null,"native":false}],"stack":["Error: listen EADDRINUSE: address already in use :::3900","    at Server.setupListenHandle [as _listen2] (net.js:1318:16)","    at listenInCluster (net.js:1366:12)","    at Server.listen (net.js:1452:7)","    at Function.listen (f:\\RJS\\old\\VidlyApp-MERN-Stack\\vidly-api-node\\node_modules\\express\\lib\\application.js:635:24)","    at Object.<anonymous> (f:\\RJS\\old\\VidlyApp-MERN-Stack\\vidly-api-node\\index.js:14:20)","    at Module._compile (internal/modules/cjs/loader.js:1063:30)","    at Object.Module._extensions..js (internal/modules/cjs/loader.js:1092:10)","    at Module.load (internal/modules/cjs/loader.js:928:32)","    at Function.Module._load (internal/modules/cjs/loader.js:769:14)","    at Function.executeUserEntryPoint [as runMain] (internal/modules/run_main.js:72:12)","    at internal/main/run_main_module.js:17:47"],"level":"error","message":"uncaughtException: listen EADDRINUSE: address already in use :::3900","timestamp":"2022-11-21T05:34:46.870Z"}
{"date":"Mon Nov 21 2022 13:47:58 GMT+0700 (Indochina Time)","process":{"pid":11320,"uid":null,"gid":null,"cwd":"F:\\RJS\\old\\VidlyApp-MERN-Stack\\vidly-api-node","execPath":"C:\\Program Files\\nodejs\\node.exe","version":"v14.15.1","argv":["C:\\Program Files\\nodejs\\node.exe","F:\\RJS\\old\\VidlyApp-MERN-Stack\\vidly-api-node\\index.js"],"memoryUsage":{"rss":64659456,"heapTotal":54853632,"heapUsed":27306832,"external":20539387,"arrayBuffers":18975891}},"os":{"loadavg":[0,0,0],"uptime":1040815},"trace":[{"column":16,"file":"net.js","function":"Server.setupListenHandle [as _listen2]","line":1318,"method":"setupListenHandle [as _listen2]","native":false},{"column":12,"file":"net.js","function":"listenInCluster","line":1366,"method":null,"native":false},{"column":7,"file":"net.js","function":"Server.listen","line":1452,"method":"listen","native":false},{"column":24,"file":"F:\\RJS\\old\\VidlyApp-MERN-Stack\\vidly-api-node\\node_modules\\express\\lib\\application.js","function":"Function.listen","line":635,"method":"listen","native":false},{"column":20,"file":"F:\\RJS\\old\\VidlyApp-MERN-Stack\\vidly-api-node\\index.js","function":null,"line":14,"method":null,"native":false},{"column":30,"file":"internal/modules/cjs/loader.js","function":"Module._compile","line":1063,"method":"_compile","native":false},{"column":10,"file":"internal/modules/cjs/loader.js","function":"Module._extensions..js","line":1092,"method":".js","native":false},{"column":32,"file":"internal/modules/cjs/loader.js","function":"Module.load","line":928,"method":"load","native":false},{"column":14,"file":"internal/modules/cjs/loader.js","function":"Module._load","line":769,"method":"_load","native":false},{"column":12,"file":"internal/modules/run_main.js","function":"Function.executeUserEntryPoint [as runMain]","line":72,"method":"executeUserEntryPoint [as runMain]","native":false},{"column":47,"file":"internal/main/run_main_module.js","function":null,"line":17,"method":null,"native":false}],"stack":["Error: listen EADDRINUSE: address already in use :::3900","    at Server.setupListenHandle [as _listen2] (net.js:1318:16)","    at listenInCluster (net.js:1366:12)","    at Server.listen (net.js:1452:7)","    at Function.listen (F:\\RJS\\old\\VidlyApp-MERN-Stack\\vidly-api-node\\node_modules\\express\\lib\\application.js:635:24)","    at Object.<anonymous> (F:\\RJS\\old\\VidlyApp-MERN-Stack\\vidly-api-node\\index.js:14:20)","    at Module._compile (internal/modules/cjs/loader.js:1063:30)","    at Object.Module._extensions..js (internal/modules/cjs/loader.js:1092:10)","    at Module.load (internal/modules/cjs/loader.js:928:32)","    at Function.Module._load (internal/modules/cjs/loader.js:769:14)","    at Function.executeUserEntryPoint [as runMain] (internal/modules/run_main.js:72:12)","    at internal/main/run_main_module.js:17:47"],"level":"error","message":"uncaughtException: listen EADDRINUSE: address already in use :::3900","timestamp":"2022-11-21T06:47:58.561Z"}
{"date":"Tue Nov 22 2022 13:31:08 GMT+0700 (Indochina Time)","process":{"pid":5948,"uid":null,"gid":null,"cwd":"f:\\RJS\\old\\VidlyApp-MERN-Stack\\vidly-api-node","execPath":"C:\\Program Files\\nodejs\\node.exe","version":"v14.15.1","argv":["C:\\Program Files\\nodejs\\node.exe","f:\\RJS\\old\\VidlyApp-MERN-Stack\\vidly-api-node\\index.js"],"memoryUsage":{"rss":75911168,"heapTotal":59133952,"heapUsed":36636568,"external":20827872,"arrayBuffers":19203598}},"os":{"loadavg":[0,0,0],"uptime":1126205},"trace":[{"column":16,"file":"net.js","function":"Server.setupListenHandle [as _listen2]","line":1318,"method":"setupListenHandle [as _listen2]","native":false},{"column":12,"file":"net.js","function":"listenInCluster","line":1366,"method":null,"native":false},{"column":7,"file":"net.js","function":"Server.listen","line":1452,"method":"listen","native":false},{"column":24,"file":"f:\\RJS\\old\\VidlyApp-MERN-Stack\\vidly-api-node\\node_modules\\express\\lib\\application.js","function":"Function.listen","line":635,"method":"listen","native":false},{"column":20,"file":"f:\\RJS\\old\\VidlyApp-MERN-Stack\\vidly-api-node\\index.js","function":null,"line":14,"method":null,"native":false},{"column":30,"file":"internal/modules/cjs/loader.js","function":"Module._compile","line":1063,"method":"_compile","native":false},{"column":10,"file":"internal/modules/cjs/loader.js","function":"Module._extensions..js","line":1092,"method":".js","native":false},{"column":32,"file":"internal/modules/cjs/loader.js","function":"Module.load","line":928,"method":"load","native":false},{"column":14,"file":"internal/modules/cjs/loader.js","function":"Module._load","line":769,"method":"_load","native":false},{"column":12,"file":"internal/modules/run_main.js","function":"Function.executeUserEntryPoint [as runMain]","line":72,"method":"executeUserEntryPoint [as runMain]","native":false},{"column":47,"file":"internal/main/run_main_module.js","function":null,"line":17,"method":null,"native":false}],"stack":["Error: listen EADDRINUSE: address already in use :::3900","    at Server.setupListenHandle [as _listen2] (net.js:1318:16)","    at listenInCluster (net.js:1366:12)","    at Server.listen (net.js:1452:7)","    at Function.listen (f:\\RJS\\old\\VidlyApp-MERN-Stack\\vidly-api-node\\node_modules\\express\\lib\\application.js:635:24)","    at Object.<anonymous> (f:\\RJS\\old\\VidlyApp-MERN-Stack\\vidly-api-node\\index.js:14:20)","    at Module._compile (internal/modules/cjs/loader.js:1063:30)","    at Object.Module._extensions..js (internal/modules/cjs/loader.js:1092:10)","    at Module.load (internal/modules/cjs/loader.js:928:32)","    at Function.Module._load (internal/modules/cjs/loader.js:769:14)","    at Function.executeUserEntryPoint [as runMain] (internal/modules/run_main.js:72:12)","    at internal/main/run_main_module.js:17:47"],"level":"error","message":"uncaughtException: listen EADDRINUSE: address already in use :::3900","timestamp":"2022-11-22T06:31:08.725Z"}
{"date":"Thu Jan 26 2023 01:08:04 GMT+0700 (Indochina Time)","process":{"pid":9972,"uid":null,"gid":null,"cwd":"F:\\RJS\\old\\VidlyApp-MERN-Stack\\vidly-api-node","execPath":"C:\\Program Files\\nodejs\\node.exe","version":"v18.13.0","argv":["C:\\Program Files\\nodejs\\node.exe","F:\\RJS\\old\\VidlyApp-MERN-Stack\\vidly-api-node\\index.js"],"memoryUsage":{"rss":76242944,"heapTotal":60862464,"heapUsed":27887224,"external":19225312,"arrayBuffers":18286842}},"os":{"loadavg":[0,0,0],"uptime":334747.937},"trace":[{"column":16,"file":"node:net","function":"TCPConnectWrap.afterConnect [as oncomplete]","line":1487,"method":"afterConnect [as oncomplete]","native":false},{"column":11,"file":"F:\\RJS\\old\\VidlyApp-MERN-Stack\\vidly-api-node\\node_modules\\mongodb\\lib\\core\\topologies\\server.js","function":null,"line":441,"method":null,"native":false},{"column":28,"file":"node:events","function":"Pool.emit","line":513,"method":"emit","native":false},{"column":14,"file":"F:\\RJS\\old\\VidlyApp-MERN-Stack\\vidly-api-node\\node_modules\\mongodb\\lib\\core\\connection\\pool.js","function":null,"line":564,"method":null,"native":false},{"column":11,"file":"F:\\RJS\\old\\VidlyApp-MERN-Stack\\vidly-api-node\\node_modules\\mongodb\\lib\\core\\connection\\pool.js","function":null,"line":1000,"method":null,"native":false},{"column":7,"file":"F:\\RJS\\old\\VidlyApp-MERN-Stack\\vidly-api-node\\node_modules\\mongodb\\lib\\core\\connection\\connect.js","function":null,"line":32,"method":null,"native":false},{"column":5,"file":"F:\\RJS\\old\\VidlyApp-MERN-Stack\\vidly-api-node\\node_modules\\mongodb\\lib\\core\\connection\\connect.js","function":"callback","line":300,"method":null,"native":false},{"column":7,"file":"F:\\RJS\\old\\VidlyApp-MERN-Stack\\vidly-api-node\\node_modules\\mongodb\\lib\\core\\connection\\connect.js","function":null,"line":330,"method":null,"native":false},{"column":26,"file":"node:events","function":"Object.onceWrapper","line":628,"method":"onceWrapper","native":false},{"column":28,"file":"node:events","function":"Socket.emit","line":513,"method":"emit","native":false},{"column":8,"file":"node:internal/streams/destroy","function":"emitErrorNT","line":151,"method":null,"native":false},{"column":3,"file":"node:internal/streams/destroy","function":"emitErrorCloseNT","line":116,"method":null,"native":false},{"column":21,"file":"node:internal/process/task_queues","function":"process.processTicksAndRejections","line":82,"method":"processTicksAndRejections","native":false}],"stack":["MongoNetworkError: failed to connect to server [localhost:27017] on first connect [Error: connect ECONNREFUSED ::1:27017","    at TCPConnectWrap.afterConnect [as oncomplete] (node:net:1487:16) {","  name: 'MongoNetworkError'","}]","    at Pool.<anonymous> (F:\\RJS\\old\\VidlyApp-MERN-Stack\\vidly-api-node\\node_modules\\mongodb\\lib\\core\\topologies\\server.js:441:11)","    at Pool.emit (node:events:513:28)","    at F:\\RJS\\old\\VidlyApp-MERN-Stack\\vidly-api-node\\node_modules\\mongodb\\lib\\core\\connection\\pool.js:564:14","    at F:\\RJS\\old\\VidlyApp-MERN-Stack\\vidly-api-node\\node_modules\\mongodb\\lib\\core\\connection\\pool.js:1000:11","    at F:\\RJS\\old\\VidlyApp-MERN-Stack\\vidly-api-node\\node_modules\\mongodb\\lib\\core\\connection\\connect.js:32:7","    at callback (F:\\RJS\\old\\VidlyApp-MERN-Stack\\vidly-api-node\\node_modules\\mongodb\\lib\\core\\connection\\connect.js:300:5)","    at Socket.<anonymous> (F:\\RJS\\old\\VidlyApp-MERN-Stack\\vidly-api-node\\node_modules\\mongodb\\lib\\core\\connection\\connect.js:330:7)","    at Object.onceWrapper (node:events:628:26)","    at Socket.emit (node:events:513:28)","    at emitErrorNT (node:internal/streams/destroy:151:8)","    at emitErrorCloseNT (node:internal/streams/destroy:116:3)","    at process.processTicksAndRejections (node:internal/process/task_queues:82:21)"],"level":"error","message":"uncaughtException: failed to connect to server [localhost:27017] on first connect [Error: connect ECONNREFUSED ::1:27017\n    at TCPConnectWrap.afterConnect [as oncomplete] (node:net:1487:16) {\n  name: 'MongoNetworkError'\n}]","timestamp":"2023-01-25T18:08:04.273Z"}
{"date":"Thu Jan 26 2023 01:18:07 GMT+0700 (Indochina Time)","process":{"pid":10656,"uid":null,"gid":null,"cwd":"F:\\RJS\\old\\VidlyApp-MERN-Stack\\vidly-api-node","execPath":"C:\\Program Files\\nodejs\\node.exe","version":"v18.13.0","argv":["C:\\Program Files\\nodejs\\node.exe","F:\\RJS\\old\\VidlyApp-MERN-Stack\\vidly-api-node\\index.js"],"memoryUsage":{"rss":77639680,"heapTotal":59027456,"heapUsed":33231288,"external":19975087,"arrayBuffers":19036300}},"os":{"loadavg":[0,0,0],"uptime":335350.703},"trace":[{"column":16,"file":"node:net","function":"TCPConnectWrap.afterConnect [as oncomplete]","line":1487,"method":"afterConnect [as oncomplete]","native":false},{"column":11,"file":"F:\\RJS\\old\\VidlyApp-MERN-Stack\\vidly-api-node\\node_modules\\mongodb\\lib\\core\\topologies\\server.js","function":null,"line":441,"method":null,"native":false},{"column":28,"file":"node:events","function":"Pool.emit","line":513,"method":"emit","native":false},{"column":14,"file":"F:\\RJS\\old\\VidlyApp-MERN-Stack\\vidly-api-node\\node_modules\\mongodb\\lib\\core\\connection\\pool.js","function":null,"line":564,"method":null,"native":false},{"column":11,"file":"F:\\RJS\\old\\VidlyApp-MERN-Stack\\vidly-api-node\\node_modules\\mongodb\\lib\\core\\connection\\pool.js","function":null,"line":1000,"method":null,"native":false},{"column":7,"file":"F:\\RJS\\old\\VidlyApp-MERN-Stack\\vidly-api-node\\node_modules\\mongodb\\lib\\core\\connection\\connect.js","function":null,"line":32,"method":null,"native":false},{"column":5,"file":"F:\\RJS\\old\\VidlyApp-MERN-Stack\\vidly-api-node\\node_modules\\mongodb\\lib\\core\\connection\\connect.js","function":"callback","line":300,"method":null,"native":false},{"column":7,"file":"F:\\RJS\\old\\VidlyApp-MERN-Stack\\vidly-api-node\\node_modules\\mongodb\\lib\\core\\connection\\connect.js","function":null,"line":330,"method":null,"native":false},{"column":26,"file":"node:events","function":"Object.onceWrapper","line":628,"method":"onceWrapper","native":false},{"column":28,"file":"node:events","function":"Socket.emit","line":513,"method":"emit","native":false},{"column":8,"file":"node:internal/streams/destroy","function":"emitErrorNT","line":151,"method":null,"native":false},{"column":3,"file":"node:internal/streams/destroy","function":"emitErrorCloseNT","line":116,"method":null,"native":false},{"column":21,"file":"node:internal/process/task_queues","function":"process.processTicksAndRejections","line":82,"method":"processTicksAndRejections","native":false}],"stack":["MongoNetworkError: failed to connect to server [localhost:27017] on first connect [Error: connect ECONNREFUSED ::1:27017","    at TCPConnectWrap.afterConnect [as oncomplete] (node:net:1487:16) {","  name: 'MongoNetworkError'","}]","    at Pool.<anonymous> (F:\\RJS\\old\\VidlyApp-MERN-Stack\\vidly-api-node\\node_modules\\mongodb\\lib\\core\\topologies\\server.js:441:11)","    at Pool.emit (node:events:513:28)","    at F:\\RJS\\old\\VidlyApp-MERN-Stack\\vidly-api-node\\node_modules\\mongodb\\lib\\core\\connection\\pool.js:564:14","    at F:\\RJS\\old\\VidlyApp-MERN-Stack\\vidly-api-node\\node_modules\\mongodb\\lib\\core\\connection\\pool.js:1000:11","    at F:\\RJS\\old\\VidlyApp-MERN-Stack\\vidly-api-node\\node_modules\\mongodb\\lib\\core\\connection\\connect.js:32:7","    at callback (F:\\RJS\\old\\VidlyApp-MERN-Stack\\vidly-api-node\\node_modules\\mongodb\\lib\\core\\connection\\connect.js:300:5)","    at Socket.<anonymous> (F:\\RJS\\old\\VidlyApp-MERN-Stack\\vidly-api-node\\node_modules\\mongodb\\lib\\core\\connection\\connect.js:330:7)","    at Object.onceWrapper (node:events:628:26)","    at Socket.emit (node:events:513:28)","    at emitErrorNT (node:internal/streams/destroy:151:8)","    at emitErrorCloseNT (node:internal/streams/destroy:116:3)","    at process.processTicksAndRejections (node:internal/process/task_queues:82:21)"],"level":"error","message":"uncaughtException: failed to connect to server [localhost:27017] on first connect [Error: connect ECONNREFUSED ::1:27017\n    at TCPConnectWrap.afterConnect [as oncomplete] (node:net:1487:16) {\n  name: 'MongoNetworkError'\n}]","timestamp":"2023-01-25T18:18:07.035Z"}
{"date":"Thu Jan 26 2023 01:19:41 GMT+0700 (Indochina Time)","process":{"pid":16156,"uid":null,"gid":null,"cwd":"F:\\RJS\\old\\VidlyApp-MERN-Stack\\vidly-api-node","execPath":"C:\\Program Files\\nodejs\\node.exe","version":"v18.13.0","argv":["C:\\Program Files\\nodejs\\node.exe","F:\\RJS\\old\\VidlyApp-MERN-Stack\\vidly-api-node\\index.js"],"memoryUsage":{"rss":77979648,"heapTotal":59027456,"heapUsed":33376448,"external":19983279,"arrayBuffers":19044492}},"os":{"loadavg":[0,0,0],"uptime":335445.437},"trace":[{"column":16,"file":"node:net","function":"TCPConnectWrap.afterConnect [as oncomplete]","line":1487,"method":"afterConnect [as oncomplete]","native":false},{"column":11,"file":"F:\\RJS\\old\\VidlyApp-MERN-Stack\\vidly-api-node\\node_modules\\mongodb\\lib\\core\\topologies\\server.js","function":null,"line":441,"method":null,"native":false},{"column":28,"file":"node:events","function":"Pool.emit","line":513,"method":"emit","native":false},{"column":14,"file":"F:\\RJS\\old\\VidlyApp-MERN-Stack\\vidly-api-node\\node_modules\\mongodb\\lib\\core\\connection\\pool.js","function":null,"line":564,"method":null,"native":false},{"column":11,"file":"F:\\RJS\\old\\VidlyApp-MERN-Stack\\vidly-api-node\\node_modules\\mongodb\\lib\\core\\connection\\pool.js","function":null,"line":1000,"method":null,"native":false},{"column":7,"file":"F:\\RJS\\old\\VidlyApp-MERN-Stack\\vidly-api-node\\node_modules\\mongodb\\lib\\core\\connection\\connect.js","function":null,"line":32,"method":null,"native":false},{"column":5,"file":"F:\\RJS\\old\\VidlyApp-MERN-Stack\\vidly-api-node\\node_modules\\mongodb\\lib\\core\\connection\\connect.js","function":"callback","line":300,"method":null,"native":false},{"column":7,"file":"F:\\RJS\\old\\VidlyApp-MERN-Stack\\vidly-api-node\\node_modules\\mongodb\\lib\\core\\connection\\connect.js","function":null,"line":330,"method":null,"native":false},{"column":26,"file":"node:events","function":"Object.onceWrapper","line":628,"method":"onceWrapper","native":false},{"column":28,"file":"node:events","function":"Socket.emit","line":513,"method":"emit","native":false},{"column":8,"file":"node:internal/streams/destroy","function":"emitErrorNT","line":151,"method":null,"native":false},{"column":3,"file":"node:internal/streams/destroy","function":"emitErrorCloseNT","line":116,"method":null,"native":false},{"column":21,"file":"node:internal/process/task_queues","function":"process.processTicksAndRejections","line":82,"method":"processTicksAndRejections","native":false}],"stack":["MongoNetworkError: failed to connect to server [localhost:27017] on first connect [Error: connect ECONNREFUSED ::1:27017","    at TCPConnectWrap.afterConnect [as oncomplete] (node:net:1487:16) {","  name: 'MongoNetworkError'","}]","    at Pool.<anonymous> (F:\\RJS\\old\\VidlyApp-MERN-Stack\\vidly-api-node\\node_modules\\mongodb\\lib\\core\\topologies\\server.js:441:11)","    at Pool.emit (node:events:513:28)","    at F:\\RJS\\old\\VidlyApp-MERN-Stack\\vidly-api-node\\node_modules\\mongodb\\lib\\core\\connection\\pool.js:564:14","    at F:\\RJS\\old\\VidlyApp-MERN-Stack\\vidly-api-node\\node_modules\\mongodb\\lib\\core\\connection\\pool.js:1000:11","    at F:\\RJS\\old\\VidlyApp-MERN-Stack\\vidly-api-node\\node_modules\\mongodb\\lib\\core\\connection\\connect.js:32:7","    at callback (F:\\RJS\\old\\VidlyApp-MERN-Stack\\vidly-api-node\\node_modules\\mongodb\\lib\\core\\connection\\connect.js:300:5)","    at Socket.<anonymous> (F:\\RJS\\old\\VidlyApp-MERN-Stack\\vidly-api-node\\node_modules\\mongodb\\lib\\core\\connection\\connect.js:330:7)","    at Object.onceWrapper (node:events:628:26)","    at Socket.emit (node:events:513:28)","    at emitErrorNT (node:internal/streams/destroy:151:8)","    at emitErrorCloseNT (node:internal/streams/destroy:116:3)","    at process.processTicksAndRejections (node:internal/process/task_queues:82:21)"],"level":"error","message":"uncaughtException: failed to connect to server [localhost:27017] on first connect [Error: connect ECONNREFUSED ::1:27017\n    at TCPConnectWrap.afterConnect [as oncomplete] (node:net:1487:16) {\n  name: 'MongoNetworkError'\n}]","timestamp":"2023-01-25T18:19:41.765Z"}
{"date":"Thu Jan 26 2023 01:22:27 GMT+0700 (Indochina Time)","process":{"pid":8728,"uid":null,"gid":null,"cwd":"F:\\RJS\\old\\VidlyApp-MERN-Stack\\vidly-api-node","execPath":"C:\\Program Files\\nodejs\\node.exe","version":"v18.13.0","argv":["C:\\Program Files\\nodejs\\node.exe","F:\\RJS\\old\\VidlyApp-MERN-Stack\\vidly-api-node\\index.js"],"memoryUsage":{"rss":77594624,"heapTotal":59027456,"heapUsed":33261344,"external":19983279,"arrayBuffers":19044492}},"os":{"loadavg":[0,0,0],"uptime":335611.14},"trace":[{"column":16,"file":"node:net","function":"TCPConnectWrap.afterConnect [as oncomplete]","line":1487,"method":"afterConnect [as oncomplete]","native":false},{"column":11,"file":"F:\\RJS\\old\\VidlyApp-MERN-Stack\\vidly-api-node\\node_modules\\mongodb\\lib\\core\\topologies\\server.js","function":null,"line":441,"method":null,"native":false},{"column":28,"file":"node:events","function":"Pool.emit","line":513,"method":"emit","native":false},{"column":14,"file":"F:\\RJS\\old\\VidlyApp-MERN-Stack\\vidly-api-node\\node_modules\\mongodb\\lib\\core\\connection\\pool.js","function":null,"line":564,"method":null,"native":false},{"column":11,"file":"F:\\RJS\\old\\VidlyApp-MERN-Stack\\vidly-api-node\\node_modules\\mongodb\\lib\\core\\connection\\pool.js","function":null,"line":1000,"method":null,"native":false},{"column":7,"file":"F:\\RJS\\old\\VidlyApp-MERN-Stack\\vidly-api-node\\node_modules\\mongodb\\lib\\core\\connection\\connect.js","function":null,"line":32,"method":null,"native":false},{"column":5,"file":"F:\\RJS\\old\\VidlyApp-MERN-Stack\\vidly-api-node\\node_modules\\mongodb\\lib\\core\\connection\\connect.js","function":"callback","line":300,"method":null,"native":false},{"column":7,"file":"F:\\RJS\\old\\VidlyApp-MERN-Stack\\vidly-api-node\\node_modules\\mongodb\\lib\\core\\connection\\connect.js","function":null,"line":330,"method":null,"native":false},{"column":26,"file":"node:events","function":"Object.onceWrapper","line":628,"method":"onceWrapper","native":false},{"column":28,"file":"node:events","function":"Socket.emit","line":513,"method":"emit","native":false},{"column":8,"file":"node:internal/streams/destroy","function":"emitErrorNT","line":151,"method":null,"native":false},{"column":3,"file":"node:internal/streams/destroy","function":"emitErrorCloseNT","line":116,"method":null,"native":false},{"column":21,"file":"node:internal/process/task_queues","function":"process.processTicksAndRejections","line":82,"method":"processTicksAndRejections","native":false}],"stack":["MongoNetworkError: failed to connect to server [localhost:27017] on first connect [Error: connect ECONNREFUSED ::1:27017","    at TCPConnectWrap.afterConnect [as oncomplete] (node:net:1487:16) {","  name: 'MongoNetworkError'","}]","    at Pool.<anonymous> (F:\\RJS\\old\\VidlyApp-MERN-Stack\\vidly-api-node\\node_modules\\mongodb\\lib\\core\\topologies\\server.js:441:11)","    at Pool.emit (node:events:513:28)","    at F:\\RJS\\old\\VidlyApp-MERN-Stack\\vidly-api-node\\node_modules\\mongodb\\lib\\core\\connection\\pool.js:564:14","    at F:\\RJS\\old\\VidlyApp-MERN-Stack\\vidly-api-node\\node_modules\\mongodb\\lib\\core\\connection\\pool.js:1000:11","    at F:\\RJS\\old\\VidlyApp-MERN-Stack\\vidly-api-node\\node_modules\\mongodb\\lib\\core\\connection\\connect.js:32:7","    at callback (F:\\RJS\\old\\VidlyApp-MERN-Stack\\vidly-api-node\\node_modules\\mongodb\\lib\\core\\connection\\connect.js:300:5)","    at Socket.<anonymous> (F:\\RJS\\old\\VidlyApp-MERN-Stack\\vidly-api-node\\node_modules\\mongodb\\lib\\core\\connection\\connect.js:330:7)","    at Object.onceWrapper (node:events:628:26)","    at Socket.emit (node:events:513:28)","    at emitErrorNT (node:internal/streams/destroy:151:8)","    at emitErrorCloseNT (node:internal/streams/destroy:116:3)","    at process.processTicksAndRejections (node:internal/process/task_queues:82:21)"],"level":"error","message":"uncaughtException: failed to connect to server [localhost:27017] on first connect [Error: connect ECONNREFUSED ::1:27017\n    at TCPConnectWrap.afterConnect [as oncomplete] (node:net:1487:16) {\n  name: 'MongoNetworkError'\n}]","timestamp":"2023-01-25T18:22:27.485Z"}
{"date":"Thu Jan 26 2023 01:26:46 GMT+0700 (Indochina Time)","process":{"pid":14936,"uid":null,"gid":null,"cwd":"F:\\RJS\\old\\VidlyApp-MERN-Stack\\vidly-api-node","execPath":"C:\\Program Files\\nodejs\\node.exe","version":"v18.13.0","argv":["C:\\Program Files\\nodejs\\node.exe","F:\\RJS\\old\\VidlyApp-MERN-Stack\\vidly-api-node\\index.js"],"memoryUsage":{"rss":77824000,"heapTotal":59027456,"heapUsed":33454752,"external":19983279,"arrayBuffers":19044492}},"os":{"loadavg":[0,0,0],"uptime":335870.296},"trace":[{"column":16,"file":"node:net","function":"TCPConnectWrap.afterConnect [as oncomplete]","line":1487,"method":"afterConnect [as oncomplete]","native":false},{"column":11,"file":"F:\\RJS\\old\\VidlyApp-MERN-Stack\\vidly-api-node\\node_modules\\mongodb\\lib\\core\\topologies\\server.js","function":null,"line":441,"method":null,"native":false},{"column":28,"file":"node:events","function":"Pool.emit","line":513,"method":"emit","native":false},{"column":14,"file":"F:\\RJS\\old\\VidlyApp-MERN-Stack\\vidly-api-node\\node_modules\\mongodb\\lib\\core\\connection\\pool.js","function":null,"line":564,"method":null,"native":false},{"column":11,"file":"F:\\RJS\\old\\VidlyApp-MERN-Stack\\vidly-api-node\\node_modules\\mongodb\\lib\\core\\connection\\pool.js","function":null,"line":1000,"method":null,"native":false},{"column":7,"file":"F:\\RJS\\old\\VidlyApp-MERN-Stack\\vidly-api-node\\node_modules\\mongodb\\lib\\core\\connection\\connect.js","function":null,"line":32,"method":null,"native":false},{"column":5,"file":"F:\\RJS\\old\\VidlyApp-MERN-Stack\\vidly-api-node\\node_modules\\mongodb\\lib\\core\\connection\\connect.js","function":"callback","line":300,"method":null,"native":false},{"column":7,"file":"F:\\RJS\\old\\VidlyApp-MERN-Stack\\vidly-api-node\\node_modules\\mongodb\\lib\\core\\connection\\connect.js","function":null,"line":330,"method":null,"native":false},{"column":26,"file":"node:events","function":"Object.onceWrapper","line":628,"method":"onceWrapper","native":false},{"column":28,"file":"node:events","function":"Socket.emit","line":513,"method":"emit","native":false},{"column":8,"file":"node:internal/streams/destroy","function":"emitErrorNT","line":151,"method":null,"native":false},{"column":3,"file":"node:internal/streams/destroy","function":"emitErrorCloseNT","line":116,"method":null,"native":false},{"column":21,"file":"node:internal/process/task_queues","function":"process.processTicksAndRejections","line":82,"method":"processTicksAndRejections","native":false}],"stack":["MongoNetworkError: failed to connect to server [localhost:27017] on first connect [Error: connect ECONNREFUSED ::1:27017","    at TCPConnectWrap.afterConnect [as oncomplete] (node:net:1487:16) {","  name: 'MongoNetworkError'","}]","    at Pool.<anonymous> (F:\\RJS\\old\\VidlyApp-MERN-Stack\\vidly-api-node\\node_modules\\mongodb\\lib\\core\\topologies\\server.js:441:11)","    at Pool.emit (node:events:513:28)","    at F:\\RJS\\old\\VidlyApp-MERN-Stack\\vidly-api-node\\node_modules\\mongodb\\lib\\core\\connection\\pool.js:564:14","    at F:\\RJS\\old\\VidlyApp-MERN-Stack\\vidly-api-node\\node_modules\\mongodb\\lib\\core\\connection\\pool.js:1000:11","    at F:\\RJS\\old\\VidlyApp-MERN-Stack\\vidly-api-node\\node_modules\\mongodb\\lib\\core\\connection\\connect.js:32:7","    at callback (F:\\RJS\\old\\VidlyApp-MERN-Stack\\vidly-api-node\\node_modules\\mongodb\\lib\\core\\connection\\connect.js:300:5)","    at Socket.<anonymous> (F:\\RJS\\old\\VidlyApp-MERN-Stack\\vidly-api-node\\node_modules\\mongodb\\lib\\core\\connection\\connect.js:330:7)","    at Object.onceWrapper (node:events:628:26)","    at Socket.emit (node:events:513:28)","    at emitErrorNT (node:internal/streams/destroy:151:8)","    at emitErrorCloseNT (node:internal/streams/destroy:116:3)","    at process.processTicksAndRejections (node:internal/process/task_queues:82:21)"],"level":"error","message":"uncaughtException: failed to connect to server [localhost:27017] on first connect [Error: connect ECONNREFUSED ::1:27017\n    at TCPConnectWrap.afterConnect [as oncomplete] (node:net:1487:16) {\n  name: 'MongoNetworkError'\n}]","timestamp":"2023-01-25T18:26:46.623Z"}
{"date":"Thu Jan 26 2023 01:50:57 GMT+0700 (Indochina Time)","process":{"pid":7812,"uid":null,"gid":null,"cwd":"F:\\RJS\\old\\VidlyApp-MERN-Stack\\vidly-api-node","execPath":"C:\\Program Files\\nodejs\\node.exe","version":"v18.13.0","argv":["C:\\Program Files\\nodejs\\node.exe","F:\\RJS\\old\\VidlyApp-MERN-Stack\\vidly-api-node\\index.js"],"memoryUsage":{"rss":78012416,"heapTotal":59027456,"heapUsed":33440760,"external":19983279,"arrayBuffers":19044492}},"os":{"loadavg":[0,0,0],"uptime":337320.921},"trace":[{"column":16,"file":"node:net","function":"TCPConnectWrap.afterConnect [as oncomplete]","line":1487,"method":"afterConnect [as oncomplete]","native":false},{"column":11,"file":"F:\\RJS\\old\\VidlyApp-MERN-Stack\\vidly-api-node\\node_modules\\mongodb\\lib\\core\\topologies\\server.js","function":null,"line":441,"method":null,"native":false},{"column":28,"file":"node:events","function":"Pool.emit","line":513,"method":"emit","native":false},{"column":14,"file":"F:\\RJS\\old\\VidlyApp-MERN-Stack\\vidly-api-node\\node_modules\\mongodb\\lib\\core\\connection\\pool.js","function":null,"line":564,"method":null,"native":false},{"column":11,"file":"F:\\RJS\\old\\VidlyApp-MERN-Stack\\vidly-api-node\\node_modules\\mongodb\\lib\\core\\connection\\pool.js","function":null,"line":1000,"method":null,"native":false},{"column":7,"file":"F:\\RJS\\old\\VidlyApp-MERN-Stack\\vidly-api-node\\node_modules\\mongodb\\lib\\core\\connection\\connect.js","function":null,"line":32,"method":null,"native":false},{"column":5,"file":"F:\\RJS\\old\\VidlyApp-MERN-Stack\\vidly-api-node\\node_modules\\mongodb\\lib\\core\\connection\\connect.js","function":"callback","line":300,"method":null,"native":false},{"column":7,"file":"F:\\RJS\\old\\VidlyApp-MERN-Stack\\vidly-api-node\\node_modules\\mongodb\\lib\\core\\connection\\connect.js","function":null,"line":330,"method":null,"native":false},{"column":26,"file":"node:events","function":"Object.onceWrapper","line":628,"method":"onceWrapper","native":false},{"column":28,"file":"node:events","function":"Socket.emit","line":513,"method":"emit","native":false},{"column":8,"file":"node:internal/streams/destroy","function":"emitErrorNT","line":151,"method":null,"native":false},{"column":3,"file":"node:internal/streams/destroy","function":"emitErrorCloseNT","line":116,"method":null,"native":false},{"column":21,"file":"node:internal/process/task_queues","function":"process.processTicksAndRejections","line":82,"method":"processTicksAndRejections","native":false}],"stack":["MongoNetworkError: failed to connect to server [localhost:27017] on first connect [Error: connect ECONNREFUSED ::1:27017","    at TCPConnectWrap.afterConnect [as oncomplete] (node:net:1487:16) {","  name: 'MongoNetworkError'","}]","    at Pool.<anonymous> (F:\\RJS\\old\\VidlyApp-MERN-Stack\\vidly-api-node\\node_modules\\mongodb\\lib\\core\\topologies\\server.js:441:11)","    at Pool.emit (node:events:513:28)","    at F:\\RJS\\old\\VidlyApp-MERN-Stack\\vidly-api-node\\node_modules\\mongodb\\lib\\core\\connection\\pool.js:564:14","    at F:\\RJS\\old\\VidlyApp-MERN-Stack\\vidly-api-node\\node_modules\\mongodb\\lib\\core\\connection\\pool.js:1000:11","    at F:\\RJS\\old\\VidlyApp-MERN-Stack\\vidly-api-node\\node_modules\\mongodb\\lib\\core\\connection\\connect.js:32:7","    at callback (F:\\RJS\\old\\VidlyApp-MERN-Stack\\vidly-api-node\\node_modules\\mongodb\\lib\\core\\connection\\connect.js:300:5)","    at Socket.<anonymous> (F:\\RJS\\old\\VidlyApp-MERN-Stack\\vidly-api-node\\node_modules\\mongodb\\lib\\core\\connection\\connect.js:330:7)","    at Object.onceWrapper (node:events:628:26)","    at Socket.emit (node:events:513:28)","    at emitErrorNT (node:internal/streams/destroy:151:8)","    at emitErrorCloseNT (node:internal/streams/destroy:116:3)","    at process.processTicksAndRejections (node:internal/process/task_queues:82:21)"],"level":"error","message":"uncaughtException: failed to connect to server [localhost:27017] on first connect [Error: connect ECONNREFUSED ::1:27017\n    at TCPConnectWrap.afterConnect [as oncomplete] (node:net:1487:16) {\n  name: 'MongoNetworkError'\n}]","timestamp":"2023-01-25T18:50:57.249Z"}
{"date":"Thu Jan 26 2023 01:52:06 GMT+0700 (Indochina Time)","process":{"pid":15788,"uid":null,"gid":null,"cwd":"F:\\RJS\\old\\VidlyApp-MERN-Stack\\vidly-api-node","execPath":"C:\\Program Files\\nodejs\\node.exe","version":"v18.13.0","argv":["C:\\Program Files\\nodejs\\node.exe","F:\\RJS\\old\\VidlyApp-MERN-Stack\\vidly-api-node\\index.js"],"memoryUsage":{"rss":77733888,"heapTotal":59027456,"heapUsed":33436184,"external":19983279,"arrayBuffers":19044492}},"os":{"loadavg":[0,0,0],"uptime":337389.921},"trace":[{"column":16,"file":"node:net","function":"TCPConnectWrap.afterConnect [as oncomplete]","line":1487,"method":"afterConnect [as oncomplete]","native":false},{"column":11,"file":"F:\\RJS\\old\\VidlyApp-MERN-Stack\\vidly-api-node\\node_modules\\mongodb\\lib\\core\\topologies\\server.js","function":null,"line":441,"method":null,"native":false},{"column":28,"file":"node:events","function":"Pool.emit","line":513,"method":"emit","native":false},{"column":14,"file":"F:\\RJS\\old\\VidlyApp-MERN-Stack\\vidly-api-node\\node_modules\\mongodb\\lib\\core\\connection\\pool.js","function":null,"line":564,"method":null,"native":false},{"column":11,"file":"F:\\RJS\\old\\VidlyApp-MERN-Stack\\vidly-api-node\\node_modules\\mongodb\\lib\\core\\connection\\pool.js","function":null,"line":1000,"method":null,"native":false},{"column":7,"file":"F:\\RJS\\old\\VidlyApp-MERN-Stack\\vidly-api-node\\node_modules\\mongodb\\lib\\core\\connection\\connect.js","function":null,"line":32,"method":null,"native":false},{"column":5,"file":"F:\\RJS\\old\\VidlyApp-MERN-Stack\\vidly-api-node\\node_modules\\mongodb\\lib\\core\\connection\\connect.js","function":"callback","line":300,"method":null,"native":false},{"column":7,"file":"F:\\RJS\\old\\VidlyApp-MERN-Stack\\vidly-api-node\\node_modules\\mongodb\\lib\\core\\connection\\connect.js","function":null,"line":330,"method":null,"native":false},{"column":26,"file":"node:events","function":"Object.onceWrapper","line":628,"method":"onceWrapper","native":false},{"column":28,"file":"node:events","function":"Socket.emit","line":513,"method":"emit","native":false},{"column":8,"file":"node:internal/streams/destroy","function":"emitErrorNT","line":151,"method":null,"native":false},{"column":3,"file":"node:internal/streams/destroy","function":"emitErrorCloseNT","line":116,"method":null,"native":false},{"column":21,"file":"node:internal/process/task_queues","function":"process.processTicksAndRejections","line":82,"method":"processTicksAndRejections","native":false}],"stack":["MongoNetworkError: failed to connect to server [localhost:27017] on first connect [Error: connect ECONNREFUSED ::1:27017","    at TCPConnectWrap.afterConnect [as oncomplete] (node:net:1487:16) {","  name: 'MongoNetworkError'","}]","    at Pool.<anonymous> (F:\\RJS\\old\\VidlyApp-MERN-Stack\\vidly-api-node\\node_modules\\mongodb\\lib\\core\\topologies\\server.js:441:11)","    at Pool.emit (node:events:513:28)","    at F:\\RJS\\old\\VidlyApp-MERN-Stack\\vidly-api-node\\node_modules\\mongodb\\lib\\core\\connection\\pool.js:564:14","    at F:\\RJS\\old\\VidlyApp-MERN-Stack\\vidly-api-node\\node_modules\\mongodb\\lib\\core\\connection\\pool.js:1000:11","    at F:\\RJS\\old\\VidlyApp-MERN-Stack\\vidly-api-node\\node_modules\\mongodb\\lib\\core\\connection\\connect.js:32:7","    at callback (F:\\RJS\\old\\VidlyApp-MERN-Stack\\vidly-api-node\\node_modules\\mongodb\\lib\\core\\connection\\connect.js:300:5)","    at Socket.<anonymous> (F:\\RJS\\old\\VidlyApp-MERN-Stack\\vidly-api-node\\node_modules\\mongodb\\lib\\core\\connection\\connect.js:330:7)","    at Object.onceWrapper (node:events:628:26)","    at Socket.emit (node:events:513:28)","    at emitErrorNT (node:internal/streams/destroy:151:8)","    at emitErrorCloseNT (node:internal/streams/destroy:116:3)","    at process.processTicksAndRejections (node:internal/process/task_queues:82:21)"],"level":"error","message":"uncaughtException: failed to connect to server [localhost:27017] on first connect [Error: connect ECONNREFUSED ::1:27017\n    at TCPConnectWrap.afterConnect [as oncomplete] (node:net:1487:16) {\n  name: 'MongoNetworkError'\n}]","timestamp":"2023-01-25T18:52:06.249Z"}
{"date":"Thu Jan 26 2023 01:53:02 GMT+0700 (Indochina Time)","process":{"pid":15952,"uid":null,"gid":null,"cwd":"F:\\RJS\\old\\VidlyApp-MERN-Stack\\vidly-api-node","execPath":"C:\\Program Files\\nodejs\\node.exe","version":"v18.13.0","argv":["C:\\Program Files\\nodejs\\node.exe","F:\\RJS\\old\\VidlyApp-MERN-Stack\\vidly-api-node\\index.js"],"memoryUsage":{"rss":78045184,"heapTotal":58765312,"heapUsed":33357584,"external":19983279,"arrayBuffers":19044492}},"os":{"loadavg":[0,0,0],"uptime":337446.484},"trace":[{"column":16,"file":"node:net","function":"TCPConnectWrap.afterConnect [as oncomplete]","line":1487,"method":"afterConnect [as oncomplete]","native":false},{"column":11,"file":"F:\\RJS\\old\\VidlyApp-MERN-Stack\\vidly-api-node\\node_modules\\mongodb\\lib\\core\\topologies\\server.js","function":null,"line":441,"method":null,"native":false},{"column":28,"file":"node:events","function":"Pool.emit","line":513,"method":"emit","native":false},{"column":14,"file":"F:\\RJS\\old\\VidlyApp-MERN-Stack\\vidly-api-node\\node_modules\\mongodb\\lib\\core\\connection\\pool.js","function":null,"line":564,"method":null,"native":false},{"column":11,"file":"F:\\RJS\\old\\VidlyApp-MERN-Stack\\vidly-api-node\\node_modules\\mongodb\\lib\\core\\connection\\pool.js","function":null,"line":1000,"method":null,"native":false},{"column":7,"file":"F:\\RJS\\old\\VidlyApp-MERN-Stack\\vidly-api-node\\node_modules\\mongodb\\lib\\core\\connection\\connect.js","function":null,"line":32,"method":null,"native":false},{"column":5,"file":"F:\\RJS\\old\\VidlyApp-MERN-Stack\\vidly-api-node\\node_modules\\mongodb\\lib\\core\\connection\\connect.js","function":"callback","line":300,"method":null,"native":false},{"column":7,"file":"F:\\RJS\\old\\VidlyApp-MERN-Stack\\vidly-api-node\\node_modules\\mongodb\\lib\\core\\connection\\connect.js","function":null,"line":330,"method":null,"native":false},{"column":26,"file":"node:events","function":"Object.onceWrapper","line":628,"method":"onceWrapper","native":false},{"column":28,"file":"node:events","function":"Socket.emit","line":513,"method":"emit","native":false},{"column":8,"file":"node:internal/streams/destroy","function":"emitErrorNT","line":151,"method":null,"native":false},{"column":3,"file":"node:internal/streams/destroy","function":"emitErrorCloseNT","line":116,"method":null,"native":false},{"column":21,"file":"node:internal/process/task_queues","function":"process.processTicksAndRejections","line":82,"method":"processTicksAndRejections","native":false}],"stack":["MongoNetworkError: failed to connect to server [localhost:27017] on first connect [Error: connect ECONNREFUSED ::1:27017","    at TCPConnectWrap.afterConnect [as oncomplete] (node:net:1487:16) {","  name: 'MongoNetworkError'","}]","    at Pool.<anonymous> (F:\\RJS\\old\\VidlyApp-MERN-Stack\\vidly-api-node\\node_modules\\mongodb\\lib\\core\\topologies\\server.js:441:11)","    at Pool.emit (node:events:513:28)","    at F:\\RJS\\old\\VidlyApp-MERN-Stack\\vidly-api-node\\node_modules\\mongodb\\lib\\core\\connection\\pool.js:564:14","    at F:\\RJS\\old\\VidlyApp-MERN-Stack\\vidly-api-node\\node_modules\\mongodb\\lib\\core\\connection\\pool.js:1000:11","    at F:\\RJS\\old\\VidlyApp-MERN-Stack\\vidly-api-node\\node_modules\\mongodb\\lib\\core\\connection\\connect.js:32:7","    at callback (F:\\RJS\\old\\VidlyApp-MERN-Stack\\vidly-api-node\\node_modules\\mongodb\\lib\\core\\connection\\connect.js:300:5)","    at Socket.<anonymous> (F:\\RJS\\old\\VidlyApp-MERN-Stack\\vidly-api-node\\node_modules\\mongodb\\lib\\core\\connection\\connect.js:330:7)","    at Object.onceWrapper (node:events:628:26)","    at Socket.emit (node:events:513:28)","    at emitErrorNT (node:internal/streams/destroy:151:8)","    at emitErrorCloseNT (node:internal/streams/destroy:116:3)","    at process.processTicksAndRejections (node:internal/process/task_queues:82:21)"],"level":"error","message":"uncaughtException: failed to connect to server [localhost:27017] on first connect [Error: connect ECONNREFUSED ::1:27017\n    at TCPConnectWrap.afterConnect [as oncomplete] (node:net:1487:16) {\n  name: 'MongoNetworkError'\n}]","timestamp":"2023-01-25T18:53:02.832Z"}
{"date":"Thu Jan 26 2023 02:00:33 GMT+0700 (Indochina Time)","process":{"pid":6288,"uid":null,"gid":null,"cwd":"F:\\RJS\\old\\VidlyApp-MERN-Stack\\vidly-api-node","execPath":"C:\\Program Files\\nodejs\\node.exe","version":"v18.13.0","argv":["C:\\Program Files\\nodejs\\node.exe","F:\\RJS\\old\\VidlyApp-MERN-Stack\\vidly-api-node\\index.js"],"memoryUsage":{"rss":78155776,"heapTotal":58765312,"heapUsed":33274968,"external":19974881,"arrayBuffers":19036094}},"os":{"loadavg":[0,0,0],"uptime":337897.015},"trace":[{"column":16,"file":"node:net","function":"TCPConnectWrap.afterConnect [as oncomplete]","line":1487,"method":"afterConnect [as oncomplete]","native":false},{"column":11,"file":"F:\\RJS\\old\\VidlyApp-MERN-Stack\\vidly-api-node\\node_modules\\mongodb\\lib\\core\\topologies\\server.js","function":null,"line":441,"method":null,"native":false},{"column":28,"file":"node:events","function":"Pool.emit","line":513,"method":"emit","native":false},{"column":14,"file":"F:\\RJS\\old\\VidlyApp-MERN-Stack\\vidly-api-node\\node_modules\\mongodb\\lib\\core\\connection\\pool.js","function":null,"line":564,"method":null,"native":false},{"column":11,"file":"F:\\RJS\\old\\VidlyApp-MERN-Stack\\vidly-api-node\\node_modules\\mongodb\\lib\\core\\connection\\pool.js","function":null,"line":1000,"method":null,"native":false},{"column":7,"file":"F:\\RJS\\old\\VidlyApp-MERN-Stack\\vidly-api-node\\node_modules\\mongodb\\lib\\core\\connection\\connect.js","function":null,"line":32,"method":null,"native":false},{"column":5,"file":"F:\\RJS\\old\\VidlyApp-MERN-Stack\\vidly-api-node\\node_modules\\mongodb\\lib\\core\\connection\\connect.js","function":"callback","line":300,"method":null,"native":false},{"column":7,"file":"F:\\RJS\\old\\VidlyApp-MERN-Stack\\vidly-api-node\\node_modules\\mongodb\\lib\\core\\connection\\connect.js","function":null,"line":330,"method":null,"native":false},{"column":26,"file":"node:events","function":"Object.onceWrapper","line":628,"method":"onceWrapper","native":false},{"column":28,"file":"node:events","function":"Socket.emit","line":513,"method":"emit","native":false},{"column":8,"file":"node:internal/streams/destroy","function":"emitErrorNT","line":151,"method":null,"native":false},{"column":3,"file":"node:internal/streams/destroy","function":"emitErrorCloseNT","line":116,"method":null,"native":false},{"column":21,"file":"node:internal/process/task_queues","function":"process.processTicksAndRejections","line":82,"method":"processTicksAndRejections","native":false}],"stack":["MongoNetworkError: failed to connect to server [localhost:27017] on first connect [Error: connect ECONNREFUSED ::1:27017","    at TCPConnectWrap.afterConnect [as oncomplete] (node:net:1487:16) {","  name: 'MongoNetworkError'","}]","    at Pool.<anonymous> (F:\\RJS\\old\\VidlyApp-MERN-Stack\\vidly-api-node\\node_modules\\mongodb\\lib\\core\\topologies\\server.js:441:11)","    at Pool.emit (node:events:513:28)","    at F:\\RJS\\old\\VidlyApp-MERN-Stack\\vidly-api-node\\node_modules\\mongodb\\lib\\core\\connection\\pool.js:564:14","    at F:\\RJS\\old\\VidlyApp-MERN-Stack\\vidly-api-node\\node_modules\\mongodb\\lib\\core\\connection\\pool.js:1000:11","    at F:\\RJS\\old\\VidlyApp-MERN-Stack\\vidly-api-node\\node_modules\\mongodb\\lib\\core\\connection\\connect.js:32:7","    at callback (F:\\RJS\\old\\VidlyApp-MERN-Stack\\vidly-api-node\\node_modules\\mongodb\\lib\\core\\connection\\connect.js:300:5)","    at Socket.<anonymous> (F:\\RJS\\old\\VidlyApp-MERN-Stack\\vidly-api-node\\node_modules\\mongodb\\lib\\core\\connection\\connect.js:330:7)","    at Object.onceWrapper (node:events:628:26)","    at Socket.emit (node:events:513:28)","    at emitErrorNT (node:internal/streams/destroy:151:8)","    at emitErrorCloseNT (node:internal/streams/destroy:116:3)","    at process.processTicksAndRejections (node:internal/process/task_queues:82:21)"],"level":"error","message":"uncaughtException: failed to connect to server [localhost:27017] on first connect [Error: connect ECONNREFUSED ::1:27017\n    at TCPConnectWrap.afterConnect [as oncomplete] (node:net:1487:16) {\n  name: 'MongoNetworkError'\n}]","timestamp":"2023-01-25T19:00:33.383Z"}
{"date":"Thu Jan 26 2023 02:04:59 GMT+0700 (Indochina Time)","process":{"pid":12512,"uid":null,"gid":null,"cwd":"F:\\RJS\\old\\VidlyApp-MERN-Stack\\vidly-api-node","execPath":"C:\\Program Files\\nodejs\\node.exe","version":"v18.13.0","argv":["C:\\Program Files\\nodejs\\node.exe","F:\\RJS\\old\\VidlyApp-MERN-Stack\\vidly-api-node\\index.js"],"memoryUsage":{"rss":77860864,"heapTotal":58765312,"heapUsed":33319288,"external":19980527,"arrayBuffers":19041740}},"os":{"loadavg":[0,0,0],"uptime":338163.031},"trace":[{"column":16,"file":"node:net","function":"TCPConnectWrap.afterConnect [as oncomplete]","line":1487,"method":"afterConnect [as oncomplete]","native":false},{"column":11,"file":"F:\\RJS\\old\\VidlyApp-MERN-Stack\\vidly-api-node\\node_modules\\mongodb\\lib\\core\\topologies\\server.js","function":null,"line":441,"method":null,"native":false},{"column":28,"file":"node:events","function":"Pool.emit","line":513,"method":"emit","native":false},{"column":14,"file":"F:\\RJS\\old\\VidlyApp-MERN-Stack\\vidly-api-node\\node_modules\\mongodb\\lib\\core\\connection\\pool.js","function":null,"line":564,"method":null,"native":false},{"column":11,"file":"F:\\RJS\\old\\VidlyApp-MERN-Stack\\vidly-api-node\\node_modules\\mongodb\\lib\\core\\connection\\pool.js","function":null,"line":1000,"method":null,"native":false},{"column":7,"file":"F:\\RJS\\old\\VidlyApp-MERN-Stack\\vidly-api-node\\node_modules\\mongodb\\lib\\core\\connection\\connect.js","function":null,"line":32,"method":null,"native":false},{"column":5,"file":"F:\\RJS\\old\\VidlyApp-MERN-Stack\\vidly-api-node\\node_modules\\mongodb\\lib\\core\\connection\\connect.js","function":"callback","line":300,"method":null,"native":false},{"column":7,"file":"F:\\RJS\\old\\VidlyApp-MERN-Stack\\vidly-api-node\\node_modules\\mongodb\\lib\\core\\connection\\connect.js","function":null,"line":330,"method":null,"native":false},{"column":26,"file":"node:events","function":"Object.onceWrapper","line":628,"method":"onceWrapper","native":false},{"column":28,"file":"node:events","function":"Socket.emit","line":513,"method":"emit","native":false},{"column":8,"file":"node:internal/streams/destroy","function":"emitErrorNT","line":151,"method":null,"native":false},{"column":3,"file":"node:internal/streams/destroy","function":"emitErrorCloseNT","line":116,"method":null,"native":false},{"column":21,"file":"node:internal/process/task_queues","function":"process.processTicksAndRejections","line":82,"method":"processTicksAndRejections","native":false}],"stack":["MongoNetworkError: failed to connect to server [localhost:27017] on first connect [Error: connect ECONNREFUSED ::1:27017","    at TCPConnectWrap.afterConnect [as oncomplete] (node:net:1487:16) {","  name: 'MongoNetworkError'","}]","    at Pool.<anonymous> (F:\\RJS\\old\\VidlyApp-MERN-Stack\\vidly-api-node\\node_modules\\mongodb\\lib\\core\\topologies\\server.js:441:11)","    at Pool.emit (node:events:513:28)","    at F:\\RJS\\old\\VidlyApp-MERN-Stack\\vidly-api-node\\node_modules\\mongodb\\lib\\core\\connection\\pool.js:564:14","    at F:\\RJS\\old\\VidlyApp-MERN-Stack\\vidly-api-node\\node_modules\\mongodb\\lib\\core\\connection\\pool.js:1000:11","    at F:\\RJS\\old\\VidlyApp-MERN-Stack\\vidly-api-node\\node_modules\\mongodb\\lib\\core\\connection\\connect.js:32:7","    at callback (F:\\RJS\\old\\VidlyApp-MERN-Stack\\vidly-api-node\\node_modules\\mongodb\\lib\\core\\connection\\connect.js:300:5)","    at Socket.<anonymous> (F:\\RJS\\old\\VidlyApp-MERN-Stack\\vidly-api-node\\node_modules\\mongodb\\lib\\core\\connection\\connect.js:330:7)","    at Object.onceWrapper (node:events:628:26)","    at Socket.emit (node:events:513:28)","    at emitErrorNT (node:internal/streams/destroy:151:8)","    at emitErrorCloseNT (node:internal/streams/destroy:116:3)","    at process.processTicksAndRejections (node:internal/process/task_queues:82:21)"],"level":"error","message":"uncaughtException: failed to connect to server [localhost:27017] on first connect [Error: connect ECONNREFUSED ::1:27017\n    at TCPConnectWrap.afterConnect [as oncomplete] (node:net:1487:16) {\n  name: 'MongoNetworkError'\n}]","timestamp":"2023-01-25T19:04:59.383Z"}
{"date":"Thu Jan 26 2023 02:05:24 GMT+0700 (Indochina Time)","process":{"pid":4784,"uid":null,"gid":null,"cwd":"F:\\RJS\\old\\VidlyApp-MERN-Stack\\vidly-api-node","execPath":"C:\\Program Files\\nodejs\\node.exe","version":"v18.13.0","argv":["C:\\Program Files\\nodejs\\node.exe","F:\\RJS\\old\\VidlyApp-MERN-Stack\\vidly-api-node\\index.js"],"memoryUsage":{"rss":78114816,"heapTotal":59027456,"heapUsed":33426928,"external":19983279,"arrayBuffers":19044492}},"os":{"loadavg":[0,0,0],"uptime":338187.968},"trace":[{"column":16,"file":"node:net","function":"TCPConnectWrap.afterConnect [as oncomplete]","line":1487,"method":"afterConnect [as oncomplete]","native":false},{"column":11,"file":"F:\\RJS\\old\\VidlyApp-MERN-Stack\\vidly-api-node\\node_modules\\mongodb\\lib\\core\\topologies\\server.js","function":null,"line":441,"method":null,"native":false},{"column":28,"file":"node:events","function":"Pool.emit","line":513,"method":"emit","native":false},{"column":14,"file":"F:\\RJS\\old\\VidlyApp-MERN-Stack\\vidly-api-node\\node_modules\\mongodb\\lib\\core\\connection\\pool.js","function":null,"line":564,"method":null,"native":false},{"column":11,"file":"F:\\RJS\\old\\VidlyApp-MERN-Stack\\vidly-api-node\\node_modules\\mongodb\\lib\\core\\connection\\pool.js","function":null,"line":1000,"method":null,"native":false},{"column":7,"file":"F:\\RJS\\old\\VidlyApp-MERN-Stack\\vidly-api-node\\node_modules\\mongodb\\lib\\core\\connection\\connect.js","function":null,"line":32,"method":null,"native":false},{"column":5,"file":"F:\\RJS\\old\\VidlyApp-MERN-Stack\\vidly-api-node\\node_modules\\mongodb\\lib\\core\\connection\\connect.js","function":"callback","line":300,"method":null,"native":false},{"column":7,"file":"F:\\RJS\\old\\VidlyApp-MERN-Stack\\vidly-api-node\\node_modules\\mongodb\\lib\\core\\connection\\connect.js","function":null,"line":330,"method":null,"native":false},{"column":26,"file":"node:events","function":"Object.onceWrapper","line":628,"method":"onceWrapper","native":false},{"column":28,"file":"node:events","function":"Socket.emit","line":513,"method":"emit","native":false},{"column":8,"file":"node:internal/streams/destroy","function":"emitErrorNT","line":151,"method":null,"native":false},{"column":3,"file":"node:internal/streams/destroy","function":"emitErrorCloseNT","line":116,"method":null,"native":false},{"column":21,"file":"node:internal/process/task_queues","function":"process.processTicksAndRejections","line":82,"method":"processTicksAndRejections","native":false}],"stack":["MongoNetworkError: failed to connect to server [localhost:27017] on first connect [Error: connect ECONNREFUSED ::1:27017","    at TCPConnectWrap.afterConnect [as oncomplete] (node:net:1487:16) {","  name: 'MongoNetworkError'","}]","    at Pool.<anonymous> (F:\\RJS\\old\\VidlyApp-MERN-Stack\\vidly-api-node\\node_modules\\mongodb\\lib\\core\\topologies\\server.js:441:11)","    at Pool.emit (node:events:513:28)","    at F:\\RJS\\old\\VidlyApp-MERN-Stack\\vidly-api-node\\node_modules\\mongodb\\lib\\core\\connection\\pool.js:564:14","    at F:\\RJS\\old\\VidlyApp-MERN-Stack\\vidly-api-node\\node_modules\\mongodb\\lib\\core\\connection\\pool.js:1000:11","    at F:\\RJS\\old\\VidlyApp-MERN-Stack\\vidly-api-node\\node_modules\\mongodb\\lib\\core\\connection\\connect.js:32:7","    at callback (F:\\RJS\\old\\VidlyApp-MERN-Stack\\vidly-api-node\\node_modules\\mongodb\\lib\\core\\connection\\connect.js:300:5)","    at Socket.<anonymous> (F:\\RJS\\old\\VidlyApp-MERN-Stack\\vidly-api-node\\node_modules\\mongodb\\lib\\core\\connection\\connect.js:330:7)","    at Object.onceWrapper (node:events:628:26)","    at Socket.emit (node:events:513:28)","    at emitErrorNT (node:internal/streams/destroy:151:8)","    at emitErrorCloseNT (node:internal/streams/destroy:116:3)","    at process.processTicksAndRejections (node:internal/process/task_queues:82:21)"],"level":"error","message":"uncaughtException: failed to connect to server [localhost:27017] on first connect [Error: connect ECONNREFUSED ::1:27017\n    at TCPConnectWrap.afterConnect [as oncomplete] (node:net:1487:16) {\n  name: 'MongoNetworkError'\n}]","timestamp":"2023-01-25T19:05:24.327Z"}
{"date":"Tue Feb 07 2023 12:13:05 GMT+0700 (Indochina Time)","process":{"pid":15380,"uid":null,"gid":null,"cwd":"F:\\RJS\\old\\VidlyApp-MERN-Stack\\vidly-api-node","execPath":"C:\\Program Files\\nodejs\\node.exe","version":"v14.15.1","argv":["C:\\Program Files\\nodejs\\node.exe","F:\\RJS\\old\\VidlyApp-MERN-Stack\\vidly-api-node\\index.js"],"memoryUsage":{"rss":64409600,"heapTotal":56946688,"heapUsed":19868776,"external":20531864,"arrayBuffers":18271426}},"os":{"loadavg":[0,0,0],"uptime":705376},"trace":[{"column":16,"file":"net.js","function":"TCPConnectWrap.afterConnect [as oncomplete]","line":1146,"method":"afterConnect [as oncomplete]","native":false},{"column":11,"file":"F:\\RJS\\old\\VidlyApp-MERN-Stack\\vidly-api-node\\node_modules\\mongodb\\lib\\core\\topologies\\server.js","function":null,"line":441,"method":null,"native":false},{"column":20,"file":"events.js","function":"Pool.emit","line":315,"method":"emit","native":false},{"column":14,"file":"F:\\RJS\\old\\VidlyApp-MERN-Stack\\vidly-api-node\\node_modules\\mongodb\\lib\\core\\connection\\pool.js","function":null,"line":564,"method":null,"native":false},{"column":11,"file":"F:\\RJS\\old\\VidlyApp-MERN-Stack\\vidly-api-node\\node_modules\\mongodb\\lib\\core\\connection\\pool.js","function":null,"line":1000,"method":null,"native":false},{"column":7,"file":"F:\\RJS\\old\\VidlyApp-MERN-Stack\\vidly-api-node\\node_modules\\mongodb\\lib\\core\\connection\\connect.js","function":null,"line":32,"method":null,"native":false},{"column":5,"file":"F:\\RJS\\old\\VidlyApp-MERN-Stack\\vidly-api-node\\node_modules\\mongodb\\lib\\core\\connection\\connect.js","function":"callback","line":300,"method":null,"native":false},{"column":7,"file":"F:\\RJS\\old\\VidlyApp-MERN-Stack\\vidly-api-node\\node_modules\\mongodb\\lib\\core\\connection\\connect.js","function":null,"line":330,"method":null,"native":false},{"column":26,"file":"events.js","function":"Object.onceWrapper","line":422,"method":"onceWrapper","native":false},{"column":20,"file":"events.js","function":"Socket.emit","line":315,"method":"emit","native":false},{"column":8,"file":"internal/streams/destroy.js","function":"emitErrorNT","line":106,"method":null,"native":false},{"column":3,"file":"internal/streams/destroy.js","function":"emitErrorCloseNT","line":74,"method":null,"native":false},{"column":21,"file":"internal/process/task_queues.js","function":"processTicksAndRejections","line":80,"method":null,"native":false}],"stack":["MongoNetworkError: failed to connect to server [localhost:27017] on first connect [Error: connect ECONNREFUSED 127.0.0.1:27017","    at TCPConnectWrap.afterConnect [as oncomplete] (net.js:1146:16) {","  name: 'MongoNetworkError'","}]","    at Pool.<anonymous> (F:\\RJS\\old\\VidlyApp-MERN-Stack\\vidly-api-node\\node_modules\\mongodb\\lib\\core\\topologies\\server.js:441:11)","    at Pool.emit (events.js:315:20)","    at F:\\RJS\\old\\VidlyApp-MERN-Stack\\vidly-api-node\\node_modules\\mongodb\\lib\\core\\connection\\pool.js:564:14","    at F:\\RJS\\old\\VidlyApp-MERN-Stack\\vidly-api-node\\node_modules\\mongodb\\lib\\core\\connection\\pool.js:1000:11","    at F:\\RJS\\old\\VidlyApp-MERN-Stack\\vidly-api-node\\node_modules\\mongodb\\lib\\core\\connection\\connect.js:32:7","    at callback (F:\\RJS\\old\\VidlyApp-MERN-Stack\\vidly-api-node\\node_modules\\mongodb\\lib\\core\\connection\\connect.js:300:5)","    at Socket.<anonymous> (F:\\RJS\\old\\VidlyApp-MERN-Stack\\vidly-api-node\\node_modules\\mongodb\\lib\\core\\connection\\connect.js:330:7)","    at Object.onceWrapper (events.js:422:26)","    at Socket.emit (events.js:315:20)","    at emitErrorNT (internal/streams/destroy.js:106:8)","    at emitErrorCloseNT (internal/streams/destroy.js:74:3)","    at processTicksAndRejections (internal/process/task_queues.js:80:21)"],"level":"error","message":"uncaughtException: failed to connect to server [localhost:27017] on first connect [Error: connect ECONNREFUSED 127.0.0.1:27017\n    at TCPConnectWrap.afterConnect [as oncomplete] (net.js:1146:16) {\n  name: 'MongoNetworkError'\n}]","timestamp":"2023-02-07T05:13:05.186Z"}
{"date":"Tue Feb 07 2023 13:32:45 GMT+0700 (Indochina Time)","process":{"pid":10948,"uid":null,"gid":null,"cwd":"F:\\RJS\\old\\VidlyApp-MERN-Stack\\vidly-api-node","execPath":"C:\\Program Files\\nodejs\\node.exe","version":"v14.15.1","argv":["C:\\Program Files\\nodejs\\node.exe","F:\\RJS\\old\\VidlyApp-MERN-Stack\\vidly-api-node\\index.js"],"memoryUsage":{"rss":65830912,"heapTotal":55640064,"heapUsed":29359584,"external":20520566,"arrayBuffers":18957070}},"os":{"loadavg":[0,0,0],"uptime":710156},"trace":[{"column":46,"file":"F:\\RJS\\old\\VidlyApp-MERN-Stack\\vidly-api-node\\routes\\chapters.js","function":null,"line":57,"method":null,"native":false},{"column":18,"file":"F:\\RJS\\old\\VidlyApp-MERN-Stack\\vidly-api-node\\node_modules\\mongoose\\lib\\model.js","function":null,"line":5074,"method":null,"native":false},{"column":11,"file":"internal/process/task_queues.js","function":"processTicksAndRejections","line":75,"method":null,"native":false}],"stack":["TypeError: Cannot read property 'chapter' of null","    at F:\\RJS\\old\\VidlyApp-MERN-Stack\\vidly-api-node\\routes\\chapters.js:57:46","    at F:\\RJS\\old\\VidlyApp-MERN-Stack\\vidly-api-node\\node_modules\\mongoose\\lib\\model.js:5074:18","    at processTicksAndRejections (internal/process/task_queues.js:75:11)"],"level":"error","message":"uncaughtException: Cannot read property 'chapter' of null","timestamp":"2023-02-07T06:32:45.396Z"}
{"date":"Wed Feb 08 2023 00:38:31 GMT+0700 (Indochina Time)","process":{"pid":8876,"uid":null,"gid":null,"cwd":"F:\\RJS\\old\\VidlyApp-MERN-Stack\\vidly-api-node","execPath":"C:\\Program Files\\nodejs\\node.exe","version":"v14.15.1","argv":["C:\\Program Files\\nodejs\\node.exe","F:\\RJS\\old\\VidlyApp-MERN-Stack\\vidly-api-node\\index.js"],"memoryUsage":{"rss":63459328,"heapTotal":54329344,"heapUsed":26824048,"external":20524641,"arrayBuffers":18979906}},"os":{"loadavg":[0,0,0],"uptime":750103},"trace":[{"column":13,"file":"F:\\RJS\\old\\VidlyApp-MERN-Stack\\vidly-api-node\\node_modules\\mongoose\\lib\\schema.js","function":"Schema.add","line":488,"method":"add","native":false},{"column":10,"file":"F:\\RJS\\old\\VidlyApp-MERN-Stack\\vidly-api-node\\node_modules\\mongoose\\lib\\schema.js","function":"new Schema","line":132,"method":null,"native":false},{"column":24,"file":"F:\\RJS\\old\\VidlyApp-MERN-Stack\\vidly-api-node\\models\\question.js","function":null,"line":5,"method":null,"native":false},{"column":30,"file":"internal/modules/cjs/loader.js","function":"Module._compile","line":1063,"method":"_compile","native":false},{"column":10,"file":"internal/modules/cjs/loader.js","function":"Module._extensions..js","line":1092,"method":".js","native":false},{"column":32,"file":"internal/modules/cjs/loader.js","function":"Module.load","line":928,"method":"load","native":false},{"column":14,"file":"internal/modules/cjs/loader.js","function":"Module._load","line":769,"method":"_load","native":false},{"column":19,"file":"internal/modules/cjs/loader.js","function":"Module.require","line":952,"method":"require","native":false},{"column":18,"file":"internal/modules/cjs/helpers.js","function":"require","line":88,"method":null,"native":false},{"column":28,"file":"F:\\RJS\\old\\VidlyApp-MERN-Stack\\vidly-api-node\\models\\test.js","function":null,"line":4,"method":null,"native":false},{"column":30,"file":"internal/modules/cjs/loader.js","function":"Module._compile","line":1063,"method":"_compile","native":false},{"column":10,"file":"internal/modules/cjs/loader.js","function":"Module._extensions..js","line":1092,"method":".js","native":false},{"column":32,"file":"internal/modules/cjs/loader.js","function":"Module.load","line":928,"method":"load","native":false},{"column":14,"file":"internal/modules/cjs/loader.js","function":"Module._load","line":769,"method":"_load","native":false},{"column":19,"file":"internal/modules/cjs/loader.js","function":"Module.require","line":952,"method":"require","native":false},{"column":18,"file":"internal/modules/cjs/helpers.js","function":"require","line":88,"method":null,"native":false},{"column":28,"file":"F:\\RJS\\old\\VidlyApp-MERN-Stack\\vidly-api-node\\routes\\tests.js","function":null,"line":1,"method":null,"native":false},{"column":30,"file":"internal/modules/cjs/loader.js","function":"Module._compile","line":1063,"method":"_compile","native":false},{"column":10,"file":"internal/modules/cjs/loader.js","function":"Module._extensions..js","line":1092,"method":".js","native":false},{"column":32,"file":"internal/modules/cjs/loader.js","function":"Module.load","line":928,"method":"load","native":false},{"column":14,"file":"internal/modules/cjs/loader.js","function":"Module._load","line":769,"method":"_load","native":false},{"column":19,"file":"internal/modules/cjs/loader.js","function":"Module.require","line":952,"method":"require","native":false}],"stack":["TypeError: Invalid value for schema path `test`, got value \"undefined\"","    at Schema.add (F:\\RJS\\old\\VidlyApp-MERN-Stack\\vidly-api-node\\node_modules\\mongoose\\lib\\schema.js:488:13)","    at new Schema (F:\\RJS\\old\\VidlyApp-MERN-Stack\\vidly-api-node\\node_modules\\mongoose\\lib\\schema.js:132:10)","    at Object.<anonymous> (F:\\RJS\\old\\VidlyApp-MERN-Stack\\vidly-api-node\\models\\question.js:5:24)","    at Module._compile (internal/modules/cjs/loader.js:1063:30)","    at Object.Module._extensions..js (internal/modules/cjs/loader.js:1092:10)","    at Module.load (internal/modules/cjs/loader.js:928:32)","    at Function.Module._load (internal/modules/cjs/loader.js:769:14)","    at Module.require (internal/modules/cjs/loader.js:952:19)","    at require (internal/modules/cjs/helpers.js:88:18)","    at Object.<anonymous> (F:\\RJS\\old\\VidlyApp-MERN-Stack\\vidly-api-node\\models\\test.js:4:28)","    at Module._compile (internal/modules/cjs/loader.js:1063:30)","    at Object.Module._extensions..js (internal/modules/cjs/loader.js:1092:10)","    at Module.load (internal/modules/cjs/loader.js:928:32)","    at Function.Module._load (internal/modules/cjs/loader.js:769:14)","    at Module.require (internal/modules/cjs/loader.js:952:19)","    at require (internal/modules/cjs/helpers.js:88:18)","    at Object.<anonymous> (F:\\RJS\\old\\VidlyApp-MERN-Stack\\vidly-api-node\\routes\\tests.js:1:28)","    at Module._compile (internal/modules/cjs/loader.js:1063:30)","    at Object.Module._extensions..js (internal/modules/cjs/loader.js:1092:10)","    at Module.load (internal/modules/cjs/loader.js:928:32)","    at Function.Module._load (internal/modules/cjs/loader.js:769:14)","    at Module.require (internal/modules/cjs/loader.js:952:19)"],"level":"error","message":"uncaughtException: Invalid value for schema path `test`, got value \"undefined\"","timestamp":"2023-02-07T17:38:31.676Z"}
{"date":"Wed Feb 08 2023 01:17:38 GMT+0700 (Indochina Time)","process":{"pid":19668,"uid":null,"gid":null,"cwd":"F:\\RJS\\old\\VidlyApp-MERN-Stack\\vidly-api-node","execPath":"C:\\Program Files\\nodejs\\node.exe","version":"v14.15.1","argv":["C:\\Program Files\\nodejs\\node.exe","F:\\RJS\\old\\VidlyApp-MERN-Stack\\vidly-api-node\\index.js"],"memoryUsage":{"rss":63807488,"heapTotal":54853632,"heapUsed":26969056,"external":20514416,"arrayBuffers":18969681}},"os":{"loadavg":[0,0,0],"uptime":752449},"trace":[{"column":13,"file":"F:\\RJS\\old\\VidlyApp-MERN-Stack\\vidly-api-node\\node_modules\\mongoose\\lib\\schema.js","function":"Schema.add","line":488,"method":"add","native":false},{"column":10,"file":"F:\\RJS\\old\\VidlyApp-MERN-Stack\\vidly-api-node\\node_modules\\mongoose\\lib\\schema.js","function":"new Schema","line":132,"method":null,"native":false},{"column":24,"file":"F:\\RJS\\old\\VidlyApp-MERN-Stack\\vidly-api-node\\models\\question.js","function":null,"line":5,"method":null,"native":false},{"column":30,"file":"internal/modules/cjs/loader.js","function":"Module._compile","line":1063,"method":"_compile","native":false},{"column":10,"file":"internal/modules/cjs/loader.js","function":"Module._extensions..js","line":1092,"method":".js","native":false},{"column":32,"file":"internal/modules/cjs/loader.js","function":"Module.load","line":928,"method":"load","native":false},{"column":14,"file":"internal/modules/cjs/loader.js","function":"Module._load","line":769,"method":"_load","native":false},{"column":19,"file":"internal/modules/cjs/loader.js","function":"Module.require","line":952,"method":"require","native":false},{"column":18,"file":"internal/modules/cjs/helpers.js","function":"require","line":88,"method":null,"native":false},{"column":28,"file":"F:\\RJS\\old\\VidlyApp-MERN-Stack\\vidly-api-node\\models\\test.js","function":null,"line":4,"method":null,"native":false},{"column":30,"file":"internal/modules/cjs/loader.js","function":"Module._compile","line":1063,"method":"_compile","native":false},{"column":10,"file":"internal/modules/cjs/loader.js","function":"Module._extensions..js","line":1092,"method":".js","native":false},{"column":32,"file":"internal/modules/cjs/loader.js","function":"Module.load","line":928,"method":"load","native":false},{"column":14,"file":"internal/modules/cjs/loader.js","function":"Module._load","line":769,"method":"_load","native":false},{"column":19,"file":"internal/modules/cjs/loader.js","function":"Module.require","line":952,"method":"require","native":false},{"column":18,"file":"internal/modules/cjs/helpers.js","function":"require","line":88,"method":null,"native":false},{"column":28,"file":"F:\\RJS\\old\\VidlyApp-MERN-Stack\\vidly-api-node\\routes\\tests.js","function":null,"line":1,"method":null,"native":false},{"column":30,"file":"internal/modules/cjs/loader.js","function":"Module._compile","line":1063,"method":"_compile","native":false},{"column":10,"file":"internal/modules/cjs/loader.js","function":"Module._extensions..js","line":1092,"method":".js","native":false},{"column":32,"file":"internal/modules/cjs/loader.js","function":"Module.load","line":928,"method":"load","native":false},{"column":14,"file":"internal/modules/cjs/loader.js","function":"Module._load","line":769,"method":"_load","native":false},{"column":19,"file":"internal/modules/cjs/loader.js","function":"Module.require","line":952,"method":"require","native":false}],"stack":["TypeError: Invalid value for schema path `test`, got value \"undefined\"","    at Schema.add (F:\\RJS\\old\\VidlyApp-MERN-Stack\\vidly-api-node\\node_modules\\mongoose\\lib\\schema.js:488:13)","    at new Schema (F:\\RJS\\old\\VidlyApp-MERN-Stack\\vidly-api-node\\node_modules\\mongoose\\lib\\schema.js:132:10)","    at Object.<anonymous> (F:\\RJS\\old\\VidlyApp-MERN-Stack\\vidly-api-node\\models\\question.js:5:24)","    at Module._compile (internal/modules/cjs/loader.js:1063:30)","    at Object.Module._extensions..js (internal/modules/cjs/loader.js:1092:10)","    at Module.load (internal/modules/cjs/loader.js:928:32)","    at Function.Module._load (internal/modules/cjs/loader.js:769:14)","    at Module.require (internal/modules/cjs/loader.js:952:19)","    at require (internal/modules/cjs/helpers.js:88:18)","    at Object.<anonymous> (F:\\RJS\\old\\VidlyApp-MERN-Stack\\vidly-api-node\\models\\test.js:4:28)","    at Module._compile (internal/modules/cjs/loader.js:1063:30)","    at Object.Module._extensions..js (internal/modules/cjs/loader.js:1092:10)","    at Module.load (internal/modules/cjs/loader.js:928:32)","    at Function.Module._load (internal/modules/cjs/loader.js:769:14)","    at Module.require (internal/modules/cjs/loader.js:952:19)","    at require (internal/modules/cjs/helpers.js:88:18)","    at Object.<anonymous> (F:\\RJS\\old\\VidlyApp-MERN-Stack\\vidly-api-node\\routes\\tests.js:1:28)","    at Module._compile (internal/modules/cjs/loader.js:1063:30)","    at Object.Module._extensions..js (internal/modules/cjs/loader.js:1092:10)","    at Module.load (internal/modules/cjs/loader.js:928:32)","    at Function.Module._load (internal/modules/cjs/loader.js:769:14)","    at Module.require (internal/modules/cjs/loader.js:952:19)"],"level":"error","message":"uncaughtException: Invalid value for schema path `test`, got value \"undefined\"","timestamp":"2023-02-07T18:17:38.223Z"}
{"date":"Fri Feb 10 2023 03:32:25 GMT+0700 (Indochina Time)","process":{"pid":19264,"uid":null,"gid":null,"cwd":"F:\\RJS\\old\\VidlyApp-MERN-Stack\\vidly-api-node","execPath":"C:\\Program Files\\nodejs\\node.exe","version":"v14.15.1","argv":["C:\\Program Files\\nodejs\\node.exe","F:\\RJS\\old\\VidlyApp-MERN-Stack\\vidly-api-node\\index.js"],"memoryUsage":{"rss":63516672,"heapTotal":54591488,"heapUsed":26626288,"external":20496597,"arrayBuffers":18951862}},"os":{"loadavg":[0,0,0],"uptime":933337},"trace":[{"column":13,"file":"F:\\RJS\\old\\VidlyApp-MERN-Stack\\vidly-api-node\\node_modules\\mongoose\\lib\\schema.js","function":"Schema.add","line":488,"method":"add","native":false},{"column":10,"file":"F:\\RJS\\old\\VidlyApp-MERN-Stack\\vidly-api-node\\node_modules\\mongoose\\lib\\schema.js","function":"new Schema","line":132,"method":null,"native":false},{"column":24,"file":"F:\\RJS\\old\\VidlyApp-MERN-Stack\\vidly-api-node\\models\\question.js","function":null,"line":5,"method":null,"native":false},{"column":30,"file":"internal/modules/cjs/loader.js","function":"Module._compile","line":1063,"method":"_compile","native":false},{"column":10,"file":"internal/modules/cjs/loader.js","function":"Module._extensions..js","line":1092,"method":".js","native":false},{"column":32,"file":"internal/modules/cjs/loader.js","function":"Module.load","line":928,"method":"load","native":false},{"column":14,"file":"internal/modules/cjs/loader.js","function":"Module._load","line":769,"method":"_load","native":false},{"column":19,"file":"internal/modules/cjs/loader.js","function":"Module.require","line":952,"method":"require","native":false},{"column":18,"file":"internal/modules/cjs/helpers.js","function":"require","line":88,"method":null,"native":false},{"column":28,"file":"F:\\RJS\\old\\VidlyApp-MERN-Stack\\vidly-api-node\\models\\test.js","function":null,"line":4,"method":null,"native":false},{"column":30,"file":"internal/modules/cjs/loader.js","function":"Module._compile","line":1063,"method":"_compile","native":false},{"column":10,"file":"internal/modules/cjs/loader.js","function":"Module._extensions..js","line":1092,"method":".js","native":false},{"column":32,"file":"internal/modules/cjs/loader.js","function":"Module.load","line":928,"method":"load","native":false},{"column":14,"file":"internal/modules/cjs/loader.js","function":"Module._load","line":769,"method":"_load","native":false},{"column":19,"file":"internal/modules/cjs/loader.js","function":"Module.require","line":952,"method":"require","native":false},{"column":18,"file":"internal/modules/cjs/helpers.js","function":"require","line":88,"method":null,"native":false},{"column":28,"file":"F:\\RJS\\old\\VidlyApp-MERN-Stack\\vidly-api-node\\routes\\tests.js","function":null,"line":1,"method":null,"native":false},{"column":30,"file":"internal/modules/cjs/loader.js","function":"Module._compile","line":1063,"method":"_compile","native":false},{"column":10,"file":"internal/modules/cjs/loader.js","function":"Module._extensions..js","line":1092,"method":".js","native":false},{"column":32,"file":"internal/modules/cjs/loader.js","function":"Module.load","line":928,"method":"load","native":false},{"column":14,"file":"internal/modules/cjs/loader.js","function":"Module._load","line":769,"method":"_load","native":false},{"column":19,"file":"internal/modules/cjs/loader.js","function":"Module.require","line":952,"method":"require","native":false}],"stack":["TypeError: Invalid value for schema path `test`, got value \"undefined\"","    at Schema.add (F:\\RJS\\old\\VidlyApp-MERN-Stack\\vidly-api-node\\node_modules\\mongoose\\lib\\schema.js:488:13)","    at new Schema (F:\\RJS\\old\\VidlyApp-MERN-Stack\\vidly-api-node\\node_modules\\mongoose\\lib\\schema.js:132:10)","    at Object.<anonymous> (F:\\RJS\\old\\VidlyApp-MERN-Stack\\vidly-api-node\\models\\question.js:5:24)","    at Module._compile (internal/modules/cjs/loader.js:1063:30)","    at Object.Module._extensions..js (internal/modules/cjs/loader.js:1092:10)","    at Module.load (internal/modules/cjs/loader.js:928:32)","    at Function.Module._load (internal/modules/cjs/loader.js:769:14)","    at Module.require (internal/modules/cjs/loader.js:952:19)","    at require (internal/modules/cjs/helpers.js:88:18)","    at Object.<anonymous> (F:\\RJS\\old\\VidlyApp-MERN-Stack\\vidly-api-node\\models\\test.js:4:28)","    at Module._compile (internal/modules/cjs/loader.js:1063:30)","    at Object.Module._extensions..js (internal/modules/cjs/loader.js:1092:10)","    at Module.load (internal/modules/cjs/loader.js:928:32)","    at Function.Module._load (internal/modules/cjs/loader.js:769:14)","    at Module.require (internal/modules/cjs/loader.js:952:19)","    at require (internal/modules/cjs/helpers.js:88:18)","    at Object.<anonymous> (F:\\RJS\\old\\VidlyApp-MERN-Stack\\vidly-api-node\\routes\\tests.js:1:28)","    at Module._compile (internal/modules/cjs/loader.js:1063:30)","    at Object.Module._extensions..js (internal/modules/cjs/loader.js:1092:10)","    at Module.load (internal/modules/cjs/loader.js:928:32)","    at Function.Module._load (internal/modules/cjs/loader.js:769:14)","    at Module.require (internal/modules/cjs/loader.js:952:19)"],"level":"error","message":"uncaughtException: Invalid value for schema path `test`, got value \"undefined\"","timestamp":"2023-02-09T20:32:25.752Z"}
